<?xml version="1.0" encoding="UTF-8"?>
<!-- Generated by org.testng.reporters.JUnitReportReporter -->
<testsuite skipped="0" hostname="NB50695" name="qaclickacademy.Mavenjava.RESTAPITest" tests="2" failures="0" timestamp="2020-06-08T22:43:12 MUT" time="0.001" errors="0">
  <testcase name="postJira" time="0.001" classname="qaclickacademy.Mavenjava.RESTAPITest"/>
  <system-out/>
  <testcase name="deleteTwitter" time="0.000" classname="qaclickacademy.Mavenjava.RESTAPITest"/>
  <system-out/>
</testsuite> <!-- qaclickacademy.Mavenjava.RESTAPITest -->
